<?xml version="1.0" encoding="UTF-8"?>
<testng-results ignored="0" total="1" passed="1" failed="0" skipped="0">
  <reporter-output>
  </reporter-output>
  <suite started-at="2025-05-13T20:12:42 MDT" name="Default suite" finished-at="2025-05-13T20:12:54 MDT" duration-ms="11704">
    <groups>
    </groups>
    <test started-at="2025-05-13T20:12:42 MDT" name="Default test" finished-at="2025-05-13T20:12:54 MDT" duration-ms="11704">
      <class name="com.testscenarios.Fblogin">
        <test-method signature="f()[pri:0, instance:com.testscenarios.Fblogin@7a8c8dcf]" started-at="2025-05-13T20:12:42 MDT" name="f" finished-at="2025-05-13T20:12:54 MDT" duration-ms="11664" status="PASS">
          <reporter-output>
          </reporter-output>
        </test-method> <!-- f -->
      </class> <!-- com.testscenarios.Fblogin -->
    </test> <!-- Default test -->
  </suite> <!-- Default suite -->
</testng-results>
