<?xml version="1.0" encoding="UTF-8"?>
<testng-results ignored="0" total="1" passed="1" failed="0" skipped="0">
  <reporter-output>
  </reporter-output>
  <suite started-at="2025-05-14T20:11:29 MDT" name="Default suite" finished-at="2025-05-14T20:12:53 MDT" duration-ms="83973">
    <groups>
    </groups>
    <test started-at="2025-05-14T20:11:29 MDT" name="Default test" finished-at="2025-05-14T20:12:53 MDT" duration-ms="83973">
      <class name="com.testscenarios.NRG_Careers">
        <test-method signature="f()[pri:0, instance:com.testscenarios.NRG_Careers@192c3f1e]" started-at="2025-05-14T20:11:29 MDT" name="f" finished-at="2025-05-14T20:12:53 MDT" duration-ms="83931" status="PASS">
          <reporter-output>
          </reporter-output>
        </test-method> <!-- f -->
      </class> <!-- com.testscenarios.NRG_Careers -->
    </test> <!-- Default test -->
  </suite> <!-- Default suite -->
</testng-results>
