<?xml version="1.0" encoding="UTF-8"?>
<!-- Generated by org.testng.reporters.JUnitReportReporter -->
<testsuite hostname="EekshitaDhruvan" failures="0" tests="3" name="com.testscenarios.RetestingWithDataProviderDemo" time="125.278" errors="0" timestamp="2025-05-27T20:17:49 MDT" skipped="0">
  <testcase classname="com.testscenarios.RetestingWithDataProviderDemo" name="f" time="31.364"/>
  <testcase classname="com.testscenarios.RetestingWithDataProviderDemo" name="f" time="32.472"/>
  <testcase classname="com.testscenarios.RetestingWithDataProviderDemo" name="f" time="61.442"/>
</testsuite> <!-- com.testscenarios.RetestingWithDataProviderDemo -->
